22:51:08.592 INFO  s.meta.metals.Main$ - Starting server in /Users/marcy/workspace/BizReach/cup-book
22:51:08.604 INFO  s.meta.metals.Main$ - Classpath: /Users/marcy/.atom/packages/ide-scala/coursier
22:51:10.898 INFO  s.m.m.Formatter$ - Classloading scalafmt with 28 downloaded jars
22:51:11.457 INFO  s.meta.metals.Main$ - Listening....
22:51:11.521 INFO  s.m.m.MetalsServices - Initialized with /Users/marcy/workspace/BizReach/cup-book, InitializeParams(13905,/Users/marcy/workspace/BizReach/cup-book/,ClientCapabilities())
22:51:11.559 INFO  s.m.m.MetalsServices - File /Users/marcy/workspace/BizReach/cup-book/.metals/buildinfo/root/compile.properties changed
22:51:11.613 INFO  s.m.m.c.ScalacProvider - Loading new compiler from config CompilerConfig(sources={+1}, scalacOptions=-Yrangepos -Xplugin-require:semanticdb -Xplugin:/Users/marcy/.ivy2/cache/org.scalameta/semanticdb-scalac_2.12.4/jars/semanticdb-scalac_2.12.4-2.1.7.jar, dependencyClasspath={+1}, classDirectory=/Users/marcy/workspace/BizReach/cup-book/target/scala-2.12/classes, sourceJars={+21}, origin=/Users/marcy/workspace/BizReach/cup-book/.metals/buildinfo/root/compile.properties, scalaVersion=2.12.4)
22:51:11.706 INFO  s.m.m.s.InMemorySymbolIndex - Indexing classpath entry /Library/Java/JavaVirtualMachines/jdk1.8.0_171.jdk/Contents/Home/src.zip
22:51:11.732 INFO  s.m.m.MetalsServices - File /Users/marcy/workspace/BizReach/cup-book/project/target/active.json changed
22:51:11.961 INFO  s.m.m.MetalsServices - Client is initialized
22:51:11.997 INFO  s.m.m.MetalsServices - Configuration updated Configuration(Sbt(Enabled(true),),Scalac(Enabled(false),Enabled(false)),Scalafmt(true,false,1.4.0,Some(.scalafmt.conf)),Scalafix(true,Some(.scalafix.conf)),Search(true,true),Enabled(true),Enabled(false),Enabled(false))
22:51:12.037 INFO  s.meta.metals.Main$ - Cancelling request 6
22:51:12.039 INFO  s.meta.metals.Main$ - Cancelling request 7
22:51:13.982 ERROR s.m.m.s.InMemorySymbolIndex - Failed to index jar:file:///Library/Java/JavaVirtualMachines/jdk1.8.0_171.jdk/Contents/Home/src.zip!/com/sun/jmx/snmp/IPAcl/ParserConstants.java
java.lang.IllegalArgumentException: 1803 is not a valid offset, allowed [0..1801]
	at org.langmeta.internal.inputs.InternalInput.offsetToLine(InternalInput.scala:42)
	at org.langmeta.internal.inputs.InternalInput.offsetToLine$(InternalInput.scala:36)
	at org.langmeta.inputs.Input$VirtualFile.offsetToLine(Input.scala:74)
	at org.langmeta.inputs.Position$Range.endLine(Position.scala:40)
	at org.langmeta.languageserver.InputEnrichments$XtensionInputOffset$.toIndexRange$extension(InputEnrichments.scala:32)
	at scala.meta.metals.search.InMemorySymbolIndex.$anonfun$indexDocument$1(InMemorySymbolIndex.scala:193)
	at scala.meta.metals.search.InMemorySymbolIndex.$anonfun$indexDocument$1$adapted(InMemorySymbolIndex.scala:181)
	at scala.collection.Iterator.foreach(Iterator.scala:929)
	at scala.collection.Iterator.foreach$(Iterator.scala:929)
	at scala.collection.AbstractIterator.foreach(Iterator.scala:1417)
	at scala.collection.IterableLike.foreach(IterableLike.scala:71)
	at scala.collection.IterableLike.foreach$(IterableLike.scala:70)
	at scala.collection.AbstractIterable.foreach(Iterable.scala:54)
	at scala.meta.metals.search.InMemorySymbolIndex.indexDocument(InMemorySymbolIndex.scala:181)
	at scala.meta.metals.search.InMemorySymbolIndex.$anonfun$indexDatabase$1(InMemorySymbolIndex.scala:158)
	at scala.collection.Iterator.foreach(Iterator.scala:929)
	at scala.collection.Iterator.foreach$(Iterator.scala:929)
	at scala.collection.AbstractIterator.foreach(Iterator.scala:1417)
	at scala.collection.IterableLike.foreach(IterableLike.scala:71)
	at scala.collection.IterableLike.foreach$(IterableLike.scala:70)
	at scala.collection.AbstractIterable.foreach(Iterable.scala:54)
	at scala.meta.metals.search.InMemorySymbolIndex.indexDatabase(InMemorySymbolIndex.scala:157)
	at scala.meta.metals.search.InMemorySymbolIndex.$anonfun$indexDependencyClasspath$7(InMemorySymbolIndex.scala:144)
	at scala.collection.immutable.List.foreach(List.scala:389)
	at scala.meta.metals.search.InMemorySymbolIndex.$anonfun$indexDependencyClasspath$6(InMemorySymbolIndex.scala:137)
	at scala.meta.metals.search.InMemorySymbolIndex.$anonfun$indexDependencyClasspath$6$adapted(InMemorySymbolIndex.scala:136)
	at scala.meta.metals.storage.LevelDBMap$.withDB(LevelDBMap.scala:85)
	at scala.meta.metals.search.InMemorySymbolIndex.$anonfun$indexDependencyClasspath$1(InMemorySymbolIndex.scala:136)
	at monix.eval.internal.TaskRunLoop$.monix$eval$internal$TaskRunLoop$$loop$1(TaskRunLoop.scala:187)
	at monix.eval.internal.TaskRunLoop$RestartCallback$1.onSuccess(TaskRunLoop.scala:119)
	at monix.eval.Task$.$anonfun$forkedUnit$2(Task.scala:1463)
	at java.util.concurrent.ThreadPoolExecutor.runWorker(ThreadPoolExecutor.java:1149)
	at java.util.concurrent.ThreadPoolExecutor$Worker.run(ThreadPoolExecutor.java:624)
	at java.lang.Thread.run(Thread.java:748)
22:51:15.306 INFO  s.m.m.s.InMemorySymbolIndex - Indexing classpath entry /Users/marcy/.ivy2/cache/org.scala-lang/scala-library/srcs/scala-library-2.12.4-sources.jar
22:51:15.548 INFO  s.m.m.s.InMemorySymbolIndex - Indexing classpath entry /Users/marcy/.ivy2/cache/org.scalatest/scalatest_2.12/srcs/scalatest_2.12-3.0.5-sources.jar
22:51:15.696 INFO  s.m.m.s.InMemorySymbolIndex - Indexing classpath entry /Users/marcy/.ivy2/cache/org.scalactic/scalactic_2.12/srcs/scalactic_2.12-3.0.5-sources.jar
22:51:15.711 INFO  s.m.m.s.InMemorySymbolIndex - Indexing classpath entry /Users/marcy/.ivy2/cache/org.scala-lang.modules/scala-xml_2.12/srcs/scala-xml_2.12-1.0.6-sources.jar
22:51:15.721 INFO  s.m.m.s.InMemorySymbolIndex - Indexing classpath entry /Users/marcy/.ivy2/cache/org.scala-lang/scala-reflect/srcs/scala-reflect-2.12.4-sources.jar
22:51:15.801 INFO  s.m.m.s.InMemorySymbolIndex - Indexing classpath entry /Users/marcy/.ivy2/cache/org.scalameta/semanticdb-scalac_2.12.4/srcs/semanticdb-scalac_2.12.4-2.1.7-sources.jar
22:51:15.830 INFO  s.m.m.s.InMemorySymbolIndex - Indexing classpath entry /Users/marcy/.ivy2/cache/jline/jline/srcs/jline-2.14.5-sources.jar
22:51:15.847 INFO  s.m.m.s.InMemorySymbolIndex - Indexing classpath entry /Users/marcy/.ivy2/cache/org.scala-lang/scala-compiler/srcs/scala-compiler-2.12.4-sources.jar
22:51:51.997 INFO  s.m.m.s.InMemorySymbolIndex - resolveName at Uri(file:///Users/marcy/workspace/BizReach/cup-book/src/main/scala/MyList.scala):1:7
22:51:56.232 INFO  s.m.m.s.InMemorySymbolIndex - resolveName at Uri(file:///Users/marcy/workspace/BizReach/cup-book/src/main/scala/MyList.scala):6:7
22:52:06.896 INFO  s.m.m.s.InMemorySymbolIndex - resolveName at Uri(file:///Users/marcy/workspace/BizReach/cup-book/src/main/scala/MyList.scala):6:16
22:52:08.938 INFO  s.m.m.s.InMemorySymbolIndex - resolveName at Uri(file:///Users/marcy/workspace/BizReach/cup-book/src/main/scala/MyList.scala):6:16
22:52:10.898 INFO  s.m.m.s.InMemorySymbolIndex - resolveName at Uri(file:///Users/marcy/workspace/BizReach/cup-book/src/main/scala/MyList.scala):6:16
22:52:32.685 INFO  s.m.m.MetalsServices - Shutting down...
22:52:32.696 INFO  s.m.m.MetalsServices - exit(0)
